GC Precious Log:
 CPUs: 8 total, 8 available
 Memory: 16262M
 Large Page Support: Disabled
 NUMA Support: Disabled
 Compressed Oops: Enabled (Zero based)
 Heap Region Size: 2M
 Heap Min Capacity: 8M
 Heap Initial Capacity: 256M
 Heap Max Capacity: 4066M
 Pre-touch: Disabled
 Parallel Workers: 8
 Concurrent Workers: 2
 Concurrent Refinement Workers: 8
 Periodic GC: Disabled
Heap:
 garbage-first heap   total 55296K, used 27711K [0x0000000701e00000, 0x0000000800000000)
  region size 2048K, 3 young (6144K), 2 survivors (4096K)
 Metaspace       used 64467K, committed 65216K, reserved 1105920K
  class space    used 8516K, committed 8832K, reserved 1048576K
GC Heap History (20 events):
Event: 9.194 GC heap before
{Heap before GC invocations=12 (full 0):
 garbage-first heap   total 55296K, used 40242K [0x0000000701e00000, 0x0000000800000000)
  region size 2048K, 12 young (24576K), 2 survivors (4096K)
 Metaspace       used 47648K, committed 48000K, reserved 1097728K
  class space    used 6156K, committed 6336K, reserved 1048576K
}
Event: 9.199 GC heap after
{Heap after GC invocations=13 (full 0):
 garbage-first heap   total 55296K, used 20571K [0x0000000701e00000, 0x0000000800000000)
  region size 2048K, 2 young (4096K), 2 survivors (4096K)
 Metaspace       used 47648K, committed 48000K, reserved 1097728K
  class space    used 6156K, committed 6336K, reserved 1048576K
}
Event: 10.102 GC heap before
{Heap before GC invocations=13 (full 0):
 garbage-first heap   total 55296K, used 39003K [0x0000000701e00000, 0x0000000800000000)
  region size 2048K, 12 young (24576K), 2 survivors (4096K)
 Metaspace       used 51784K, committed 52224K, reserved 1097728K
  class space    used 6821K, committed 7040K, reserved 1048576K
}
Event: 10.108 GC heap after
{Heap after GC invocations=14 (full 0):
 garbage-first heap   total 55296K, used 21216K [0x0000000701e00000, 0x0000000800000000)
  region size 2048K, 2 young (4096K), 2 survivors (4096K)
 Metaspace       used 51784K, committed 52224K, reserved 1097728K
  class space    used 6821K, committed 7040K, reserved 1048576K
}
Event: 11.083 GC heap before
{Heap before GC invocations=14 (full 0):
 garbage-first heap   total 55296K, used 41696K [0x0000000701e00000, 0x0000000800000000)
  region size 2048K, 12 young (24576K), 2 survivors (4096K)
 Metaspace       used 55516K, committed 56000K, reserved 1097728K
  class space    used 7334K, committed 7552K, reserved 1048576K
}
Event: 11.090 GC heap after
{Heap after GC invocations=15 (full 0):
 garbage-first heap   total 55296K, used 22437K [0x0000000701e00000, 0x0000000800000000)
  region size 2048K, 2 young (4096K), 2 survivors (4096K)
 Metaspace       used 55516K, committed 56000K, reserved 1097728K
  class space    used 7334K, committed 7552K, reserved 1048576K
}
Event: 11.712 GC heap before
{Heap before GC invocations=15 (full 0):
 garbage-first heap   total 55296K, used 40869K [0x0000000701e00000, 0x0000000800000000)
  region size 2048K, 12 young (24576K), 2 survivors (4096K)
 Metaspace       used 57569K, committed 57984K, reserved 1105920K
  class space    used 7615K, committed 7808K, reserved 1048576K
}
Event: 11.717 GC heap after
{Heap after GC invocations=16 (full 0):
 garbage-first heap   total 55296K, used 23371K [0x0000000701e00000, 0x0000000800000000)
  region size 2048K, 2 young (4096K), 2 survivors (4096K)
 Metaspace       used 57569K, committed 57984K, reserved 1105920K
  class space    used 7615K, committed 7808K, reserved 1048576K
}
Event: 12.437 GC heap before
{Heap before GC invocations=16 (full 0):
 garbage-first heap   total 55296K, used 43851K [0x0000000701e00000, 0x0000000800000000)
  region size 2048K, 12 young (24576K), 2 survivors (4096K)
 Metaspace       used 59566K, committed 60032K, reserved 1105920K
  class space    used 7883K, committed 8064K, reserved 1048576K
}
Event: 12.443 GC heap after
{Heap after GC invocations=17 (full 0):
 garbage-first heap   total 55296K, used 25207K [0x0000000701e00000, 0x0000000800000000)
  region size 2048K, 2 young (4096K), 2 survivors (4096K)
 Metaspace       used 59566K, committed 60032K, reserved 1105920K
  class space    used 7883K, committed 8064K, reserved 1048576K
}
Event: 12.600 GC heap before
{Heap before GC invocations=17 (full 0):
 garbage-first heap   total 55296K, used 29303K [0x0000000701e00000, 0x0000000800000000)
  region size 2048K, 5 young (10240K), 2 survivors (4096K)
 Metaspace       used 59981K, committed 60480K, reserved 1105920K
  class space    used 7939K, committed 8128K, reserved 1048576K
}
Event: 12.606 GC heap after
{Heap after GC invocations=18 (full 0):
 garbage-first heap   total 55296K, used 25975K [0x0000000701e00000, 0x0000000800000000)
  region size 2048K, 2 young (4096K), 2 survivors (4096K)
 Metaspace       used 59981K, committed 60480K, reserved 1105920K
  class space    used 7939K, committed 8128K, reserved 1048576K
}
Event: 14.924 GC heap before
{Heap before GC invocations=19 (full 0):
 garbage-first heap   total 55296K, used 42359K [0x0000000701e00000, 0x0000000800000000)
  region size 2048K, 10 young (20480K), 2 survivors (4096K)
 Metaspace       used 63083K, committed 63616K, reserved 1105920K
  class space    used 8408K, committed 8640K, reserved 1048576K
}
Event: 14.933 GC heap after
{Heap after GC invocations=20 (full 0):
 garbage-first heap   total 55296K, used 26740K [0x0000000701e00000, 0x0000000800000000)
  region size 2048K, 1 young (2048K), 1 survivors (2048K)
 Metaspace       used 63083K, committed 63616K, reserved 1105920K
  class space    used 8408K, committed 8640K, reserved 1048576K
}
Event: 1787.874 GC heap before
{Heap before GC invocations=20 (full 0):
 garbage-first heap   total 55296K, used 43124K [0x0000000701e00000, 0x0000000800000000)
  region size 2048K, 9 young (18432K), 1 survivors (2048K)
 Metaspace       used 64515K, committed 65088K, reserved 1105920K
  class space    used 8567K, committed 8832K, reserved 1048576K
}
Event: 1787.914 GC heap after
{Heap after GC invocations=21 (full 0):
 garbage-first heap   total 55296K, used 27228K [0x0000000701e00000, 0x0000000800000000)
  region size 2048K, 2 young (4096K), 2 survivors (4096K)
 Metaspace       used 64515K, committed 65088K, reserved 1105920K
  class space    used 8567K, committed 8832K, reserved 1048576K
}
Event: 7518.894 GC heap before
{Heap before GC invocations=22 (full 0):
 garbage-first heap   total 55296K, used 41564K [0x0000000701e00000, 0x0000000800000000)
  region size 2048K, 9 young (18432K), 2 survivors (4096K)
 Metaspace       used 64603K, committed 65152K, reserved 1105920K
  class space    used 8569K, committed 8832K, reserved 1048576K
}
Event: 7518.928 GC heap after
{Heap after GC invocations=23 (full 0):
 garbage-first heap   total 55296K, used 27398K [0x0000000701e00000, 0x0000000800000000)
  region size 2048K, 1 young (2048K), 1 survivors (2048K)
 Metaspace       used 64603K, committed 65152K, reserved 1105920K
  class space    used 8569K, committed 8832K, reserved 1048576K
}
Event: 7624.178 GC heap before
{Heap before GC invocations=23 (full 0):
 garbage-first heap   total 55296K, used 43782K [0x0000000701e00000, 0x0000000800000000)
  region size 2048K, 9 young (18432K), 1 survivors (2048K)
 Metaspace       used 64695K, committed 65216K, reserved 1105920K
  class space    used 8569K, committed 8832K, reserved 1048576K
}
Event: 7624.322 GC heap after
{Heap after GC invocations=24 (full 0):
 garbage-first heap   total 55296K, used 27711K [0x0000000701e00000, 0x0000000800000000)
  region size 2048K, 2 young (4096K), 2 survivors (4096K)
 Metaspace       used 64695K, committed 65216K, reserved 1105920K
  class space    used 8569K, committed 8832K, reserved 1048576K
}

